04 Sep 2014 08:29.22 [INFO ] LibraryLoader             - Loading external library crfpp
04 Sep 2014 08:29.22 [INFO ] LibraryLoader             - Library crfpp loaded
04 Sep 2014 08:29.23 [INFO ] ModelMap                  - Loading model /Users/lopez/grobid/grobid-home/models/header/model.crf in memory
04 Sep 2014 08:29.23 [INFO ] Lexicon                   - Initiating dictionary
04 Sep 2014 08:29.23 [INFO ] Lexicon                   - End of Initialization of dictionary
04 Sep 2014 08:29.23 [INFO ] Lexicon                   - Initiating names
04 Sep 2014 08:29.23 [INFO ] Lexicon                   - End of initialization of names
04 Sep 2014 08:29.24 [INFO ] Lexicon                   - Initiating country codes
04 Sep 2014 08:29.24 [INFO ] Lexicon                   - End of initialization of country codes
04 Sep 2014 08:29.25 [INFO ] ModelMap                  - Loading model /Users/lopez/grobid/grobid-home/models/name/header/model.crf in memory
04 Sep 2014 08:29.25 [INFO ] ModelMap                  - Loading model /Users/lopez/grobid/grobid-home/models/name/citation/model.crf in memory
04 Sep 2014 08:29.25 [INFO ] ModelMap                  - Loading model /Users/lopez/grobid/grobid-home/models/affiliation-address/model.crf in memory
04 Sep 2014 08:30.27 [INFO ] LibraryLoader             - Loading external library crfpp
04 Sep 2014 08:30.27 [INFO ] LibraryLoader             - Library crfpp loaded
04 Sep 2014 08:30.27 [INFO ] ModelMap                  - Loading model /Users/lopez/grobid/grobid-home/models/citation/model.crf in memory
04 Sep 2014 08:30.27 [INFO ] Lexicon                   - Initiating dictionary
04 Sep 2014 08:30.27 [INFO ] Lexicon                   - End of Initialization of dictionary
04 Sep 2014 08:30.27 [INFO ] Lexicon                   - Initiating names
04 Sep 2014 08:30.27 [INFO ] Lexicon                   - End of initialization of names
04 Sep 2014 08:30.28 [INFO ] Lexicon                   - Initiating country codes
04 Sep 2014 08:30.28 [INFO ] Lexicon                   - End of initialization of country codes
04 Sep 2014 08:30.29 [INFO ] ModelMap                  - Loading model /Users/lopez/grobid/grobid-home/models/name/header/model.crf in memory
04 Sep 2014 08:30.29 [INFO ] ModelMap                  - Loading model /Users/lopez/grobid/grobid-home/models/name/citation/model.crf in memory
04 Sep 2014 08:30.29 [INFO ] ModelMap                  - Loading model /Users/lopez/grobid/grobid-home/models/date/model.crf in memory
04 Sep 2014 08:51.14 [INFO ] LibraryLoader             - Loading external library crfpp
04 Sep 2014 08:51.14 [INFO ] LibraryLoader             - Library crfpp loaded
04 Sep 2014 08:51.14 [INFO ] ModelMap                  - Loading model /Users/lopez/grobid/grobid-home/models/citation/model.crf in memory
04 Sep 2014 08:51.14 [INFO ] Lexicon                   - Initiating dictionary
04 Sep 2014 08:51.14 [INFO ] Lexicon                   - End of Initialization of dictionary
04 Sep 2014 08:51.14 [INFO ] Lexicon                   - Initiating names
04 Sep 2014 08:51.14 [INFO ] Lexicon                   - End of initialization of names
04 Sep 2014 08:51.15 [INFO ] Lexicon                   - Initiating country codes
04 Sep 2014 08:51.15 [INFO ] Lexicon                   - End of initialization of country codes
04 Sep 2014 08:51.17 [INFO ] ModelMap                  - Loading model /Users/lopez/grobid/grobid-home/models/name/header/model.crf in memory
04 Sep 2014 08:51.17 [INFO ] ModelMap                  - Loading model /Users/lopez/grobid/grobid-home/models/name/citation/model.crf in memory
04 Sep 2014 08:51.17 [INFO ] ModelMap                  - Loading model /Users/lopez/grobid/grobid-home/models/date/model.crf in memory
04 Sep 2014 09:21.05 [INFO ] LibraryLoader             - Loading external library crfpp
04 Sep 2014 09:21.05 [INFO ] LibraryLoader             - Library crfpp loaded
04 Sep 2014 09:21.05 [INFO ] ModelMap                  - Loading model /Users/lopez/grobid/grobid-home/models/header/model.crf in memory
04 Sep 2014 09:21.05 [INFO ] Lexicon                   - Initiating dictionary
04 Sep 2014 09:21.05 [INFO ] Lexicon                   - End of Initialization of dictionary
04 Sep 2014 09:21.05 [INFO ] Lexicon                   - Initiating names
04 Sep 2014 09:21.05 [INFO ] Lexicon                   - End of initialization of names
04 Sep 2014 09:21.06 [INFO ] Lexicon                   - Initiating country codes
04 Sep 2014 09:21.06 [INFO ] Lexicon                   - End of initialization of country codes
04 Sep 2014 09:21.07 [INFO ] ModelMap                  - Loading model /Users/lopez/grobid/grobid-home/models/name/header/model.crf in memory
04 Sep 2014 09:21.07 [INFO ] ModelMap                  - Loading model /Users/lopez/grobid/grobid-home/models/name/citation/model.crf in memory
04 Sep 2014 09:21.07 [INFO ] ModelMap                  - Loading model /Users/lopez/grobid/grobid-home/models/affiliation-address/model.crf in memory
04 Sep 2014 09:21.46 [INFO ] LibraryLoader             - Loading external library crfpp
04 Sep 2014 09:21.46 [INFO ] LibraryLoader             - Library crfpp loaded
04 Sep 2014 09:21.46 [INFO ] ModelMap                  - Loading model /Users/lopez/grobid/grobid-home/models/citation/model.crf in memory
04 Sep 2014 09:21.46 [INFO ] Lexicon                   - Initiating dictionary
04 Sep 2014 09:21.46 [INFO ] Lexicon                   - End of Initialization of dictionary
04 Sep 2014 09:21.46 [INFO ] Lexicon                   - Initiating names
04 Sep 2014 09:21.46 [INFO ] Lexicon                   - End of initialization of names
04 Sep 2014 09:21.47 [INFO ] Lexicon                   - Initiating country codes
04 Sep 2014 09:21.47 [INFO ] Lexicon                   - End of initialization of country codes
04 Sep 2014 09:21.48 [INFO ] ModelMap                  - Loading model /Users/lopez/grobid/grobid-home/models/name/header/model.crf in memory
04 Sep 2014 09:21.48 [INFO ] ModelMap                  - Loading model /Users/lopez/grobid/grobid-home/models/name/citation/model.crf in memory
04 Sep 2014 09:21.48 [INFO ] ModelMap                  - Loading model /Users/lopez/grobid/grobid-home/models/date/model.crf in memory
